This is pdfTeX, Version 3.1415926-2.5-1.40.14 (TeX Live 2013) (format=latex 2014.3.24)  10 JUN 2014 10:23
entering extended mode
 restricted \write18 enabled.
 %&-line parsing enabled.
**dummy
(./dummy.tex
LaTeX2e <2011/06/27>
Babel <3.9f> and hyphenation patterns for 78 languages loaded.
(/usr/local/texlive/2013/texmf-dist/tex/latex/base/article.cls
Document Class: article 2007/10/19 v1.4h Standard LaTeX document class
(/usr/local/texlive/2013/texmf-dist/tex/latex/base/size10.clo
File: size10.clo 2007/10/19 v1.4h Standard LaTeX file (size option)
)
\c@part=\count79
\c@section=\count80
\c@subsection=\count81
\c@subsubsection=\count82
\c@paragraph=\count83
\c@subparagraph=\count84
\c@figure=\count85
\c@table=\count86
\abovecaptionskip=\skip41
\belowcaptionskip=\skip42
\bibindent=\dimen102
) (./dummy.aux)
\openout1 = `dummy.aux'.

LaTeX Font Info:    Checking defaults for OML/cmm/m/it on input line 2.
LaTeX Font Info:    ... okay on input line 2.
LaTeX Font Info:    Checking defaults for T1/cmr/m/n on input line 2.
LaTeX Font Info:    ... okay on input line 2.
LaTeX Font Info:    Checking defaults for OT1/cmr/m/n on input line 2.
LaTeX Font Info:    ... okay on input line 2.
LaTeX Font Info:    Checking defaults for OMS/cmsy/m/n on input line 2.
LaTeX Font Info:    ... okay on input line 2.
LaTeX Font Info:    Checking defaults for OMX/cmex/m/n on input line 2.
LaTeX Font Info:    ... okay on input line 2.
LaTeX Font Info:    Checking defaults for U/cmr/m/n on input line 2.
LaTeX Font Info:    ... okay on input line 2.

(./dummy.bbl
Missing character: There is no Â in font cmr10!
Missing character: There is no ü in font cmr10!
Missing character: There is no ∫ in font cmr10!
Missing character: There is no ‰ in font cmr10!
Missing character: There is no ∫ in font cmr10!
Missing character: There is no é in font cmr10!
Missing character: There is no Â in font cmr10!
Missing character: There is no ≠ in font cmr10!
Missing character: There is no ¶ in font cmr10!
Missing character: There is no ‰ in font cmr10!
Missing character: There is no π in font cmr10!
Missing character: There is no † in font cmr10!
Missing character: There is no Á in font cmr10!
Missing character: There is no ö in font cmr10!
Missing character: There is no Ñ in font cmr10!
Missing character: There is no Ë in font cmr10!
Missing character: There is no ∂ in font cmr10!
Missing character: There is no Ö in font cmr10!
Missing character: There is no Â in font cmr10!
Missing character: There is no à in font cmr10!
Missing character: There is no Ü in font cmr10!
Missing character: There is no Ë in font cmr10!
Missing character: There is no æ in font cmr10!
Missing character: There is no ® in font cmr10!
Missing character: There is no Á in font cmr10!
Missing character: There is no é in font cmr10!
Missing character: There is no á in font cmr10!
Missing character: There is no È in font cmr10!
Missing character: There is no á in font cmr10!
Missing character: There is no ç in font cmr10!
Missing character: There is no Â in font cmr10!
Missing character: There is no ª in font cmr10!
Missing character: There is no ∫ in font cmr10!
Missing character: There is no Ê in font cmr10!
Missing character: There is no ä in font cmr10!
Missing character: There is no Ä in font cmr10!
Missing character: There is no Ê in font cmr10!
Missing character: There is no ú in font cmr10!
Missing character: There is no Ø in font cmr10!
Missing character: There is no Â in font cmr10!
Missing character: There is no ∞ in font cmr10!
Missing character: There is no ∫ in font cmr10!
Missing character: There is no Â in font cmr10!
Missing character: There is no ∫ in font cmr10!
Missing character: There is no ¶ in font cmr10!
Missing character: There is no ‰ in font cmr10!
Missing character: There is no ∏ in font cmr10!
Missing character: There is no ç in font cmr10!
Missing character: There is no Â in font cmr10!
Missing character: There is no è in font cmr10!
Missing character: There is no ò in font cmr10!
Missing character: There is no Á in font cmr10!
Missing character: There is no â in font cmr10!
Missing character: There is no π in font cmr10!
Missing character: There is no Â in font cmr10!
Missing character: There is no æ in font cmr10!
Missing character: There is no Å in font cmr10!
Missing character: There is no Â in font cmr10!
Missing character: There is no è in font cmr10!
Missing character: There is no ò in font cmr10!
Missing character: There is no Ê in font cmr10!
Missing character: There is no ç in font cmr10!
Missing character: There is no ¢ in font cmr10!
Missing character: There is no Â in font cmr10!
Missing character: There is no å in font cmr10!
Missing character: There is no π in font cmr10!
Missing character: There is no È in font cmr10!
Missing character: There is no Ö in font cmr10!
Missing character: There is no ç in font cmr10!
Missing character: There is no Á in font cmr10!
Missing character: There is no Æ in font cmr10!
Missing character: There is no ó in font cmr10!
Missing character: There is no Ê in font cmr10!
Missing character: There is no ≥ in font cmr10!
Missing character: There is no ï in font cmr10!
Missing character: There is no Ë in font cmr10!
Missing character: There is no Ø in font cmr10!
Missing character: There is no ¶ in font cmr10!
Missing character: There is no Ë in font cmr10!
Missing character: There is no ß in font cmr10!
Missing character: There is no £ in font cmr10!
Missing character: There is no È in font cmr10!
Missing character: There is no á in font cmr10!
Missing character: There is no ç in font cmr10!
Missing character: There is no Â in font cmr10!
Missing character: There is no ∫ in font cmr10!
Missing character: There is no Ü in font cmr10!
Missing character: There is no Â in font cmr10!
Missing character: There is no § in font cmr10!
Missing character: There is no ß in font cmr10!
Missing character: There is no Â in font cmr10!
Missing character: There is no ≠ in font cmr10!
Missing character: There is no ¶ in font cmr10!
Missing character: There is no Â in font cmr10!
Missing character: There is no ç in font cmr10!
Missing character: There is no ö in font cmr10!
Missing character: There is no Â in font cmr10!
Missing character: There is no £ in font cmr10!
Missing character: There is no ´ in font cmr10!
Missing character: There is no Â in font cmr10!
Missing character: There is no ≠ in font cmr10!
Missing character: There is no ¶ in font cmr10!
Missing character: There is no ‰ in font cmr10!
Missing character: There is no Ω in font cmr10!
Missing character: There is no ç in font cmr10!
Missing character: There is no Ë in font cmr10!
Missing character: There is no Æ in font cmr10!
Missing character: There is no ∫ in font cmr10!
Missing character: There is no Ê in font cmr10!
Missing character: There is no ñ in font cmr10!
Missing character: There is no á in font cmr10!
Missing character: There is no Â in font cmr10!
Missing character: There is no õ in font cmr10!
Missing character: There is no æ in font cmr10!
Missing character: There is no Â in font cmr10!
Missing character: There is no É in font cmr10!
Missing character: There is no è in font cmr10!
Missing character: There is no Â in font cmr10!
Missing character: There is no ± in font cmr10!
Missing character: There is no Ä in font cmr10!
Missing character: There is no È in font cmr10!
Missing character: There is no É in font cmr10!
Missing character: There is no ® in font cmr10!
Missing character: There is no Á in font cmr10!
Missing character: There is no â in font cmr10!
Missing character: There is no π in font cmr10!
Missing character: There is no Â in font cmr10!
Missing character: There is no æ in font cmr10!
Missing character: There is no Å in font cmr10!
Missing character: There is no È in font cmr10!
Missing character: There is no Ö in font cmr10!
Missing character: There is no ç in font cmr10!
Missing character: There is no Â in font cmr10!
Missing character: There is no á in font cmr10!
Missing character: There is no Ü in font cmr10!
Missing character: There is no Á in font cmr10!
Missing character: There is no Æ in font cmr10!
Missing character: There is no ó in font cmr10!
Missing character: There is no Ê in font cmr10!
Missing character: There is no ≥ in font cmr10!
Missing character: There is no ï in font cmr10!
Missing character: There is no Á in font cmr10!
Missing character: There is no † in font cmr10!
Missing character: There is no î in font cmr10!
Missing character: There is no Á in font cmr10!
Missing character: There is no © in font cmr10!
Missing character: There is no ∂ in font cmr10!
Missing character: There is no Â in font cmr10!
Missing character: There is no ß in font cmr10!
Missing character: There is no ì in font cmr10!
Missing character: There is no Â in font cmr10!
Missing character: There is no ê in font cmr10!
Missing character: There is no ç in font cmr10!
Missing character: There is no Ê in font cmr10!
Missing character: There is no ù in font cmr10!
Missing character: There is no é in font cmr10!
Missing character: There is no Ê in font cmr10!
Missing character: There is no ≠ in font cmr10!
Missing character: There is no £ in font cmr10!
Missing character: There is no Ê in font cmr10!
Missing character: There is no µ in font cmr10!
Missing character: There is no © in font cmr10!
Missing character: There is no Á in font cmr10!
Missing character: There is no î in font cmr10!
Missing character: There is no ≥ in font cmr10!
Missing character: There is no Ë in font cmr10!
Missing character: There is no Ø in font cmr10!
Missing character: There is no ∑ in font cmr10!
Missing character: There is no Â in font cmr10!
Missing character: There is no ≠ in font cmr10!
Missing character: There is no ¶ in font cmr10!
Missing character: There is no ‰ in font cmr10!
Missing character: There is no Ω in font cmr10!
Missing character: There is no ç in font cmr10!
Missing character: There is no Á in font cmr10!
Missing character: There is no ∫ in font cmr10!
Missing character: There is no ß in font cmr10!
Missing character: There is no Â in font cmr10!
Missing character: There is no à in font cmr10!
Missing character: There is no ´ in font cmr10!
Missing character: There is no Â in font cmr10!
Missing character: There is no ç in font cmr10!
Missing character: There is no ö in font cmr10!
Missing character: There is no Â in font cmr10!
Missing character: There is no £ in font cmr10!
Missing character: There is no ´ in font cmr10!
Missing character: There is no ‰ in font cmr10!
Missing character: There is no ∏ in font cmr10!
Missing character: There is no ì in font cmr10!
Missing character: There is no ‰ in font cmr10!
Missing character: There is no ∏ in font cmr10!
Missing character: There is no ö in font cmr10!
Missing character: There is no ‰ in font cmr10!
Missing character: There is no ª in font cmr10!
Missing character: There is no ™ in font cmr10!
Missing character: There is no Â in font cmr10!
Missing character: There is no ô in font cmr10!
Missing character: There is no ® in font cmr10!
Missing character: There is no Á in font cmr10!
Missing character: There is no ß in font cmr10!
Missing character: There is no ë in font cmr10!
Missing character: There is no Â in font cmr10!
Missing character: There is no ≠ in font cmr10!
Missing character: There is no ¶ in font cmr10!
Missing character: There is no ‰ in font cmr10!
Missing character: There is no ∏ in font cmr10!
Missing character: There is no é in font cmr10!
Missing character: There is no Ê in font cmr10!
Missing character: There is no ä in font cmr10!
Missing character: There is no Ä in font cmr10!
Missing character: There is no Ê in font cmr10!
Missing character: There is no ú in font cmr10!
Missing character: There is no Ø in font cmr10!
Missing character: There is no Ê in font cmr10!
Missing character: There is no å in font cmr10!
Missing character: There is no á in font cmr10!
Missing character: There is no Â in font cmr10!
Missing character: There is no Ø in font cmr10!
Missing character: There is no º in font cmr10!
Missing character: There is no Ê in font cmr10!
Missing character: There is no ï in font cmr10!
Missing character: There is no ô in font cmr10!
Missing character: There is no Â in font cmr10!
Missing character: There is no ∏ in font cmr10!
Missing character: There is no à in font cmr10!
Missing character: There is no È in font cmr10!
Missing character: There is no æ in font cmr10!
Missing character: There is no ö in font cmr10!
Missing character: There is no Â in font cmr10!
Missing character: There is no ç in font cmr10!
Missing character: There is no ´ in font cmr10!
Missing character: There is no Â in font cmr10!
Missing character: There is no õ in font cmr10!
Missing character: There is no Ω in font cmr10!
Missing character: There is no „ in font cmr10!
Missing character: There is no Ä in font cmr10!
Missing character: There is no ä in font cmr10!
Missing character: There is no „ in font cmr10!
Missing character: There is no Ä in font cmr10!
Missing character: There is no ã in font cmr10!
Missing character: There is no Â in font cmr10!
Missing character: There is no π in font cmr10!
Missing character: There is no ¥ in font cmr10!
Missing character: There is no Ê in font cmr10!
Missing character: There is no ú in font cmr10!
Missing character: There is no ü in font cmr10!
Missing character: There is no „ in font cmr10!
Missing character: There is no Ä in font cmr10!
Missing character: There is no ä in font cmr10!
Missing character: There is no „ in font cmr10!
Missing character: There is no Ä in font cmr10!
Missing character: There is no ã in font cmr10!
Missing character: There is no Â in font cmr10!
Missing character: There is no π in font cmr10!
Missing character: There is no ¥ in font cmr10!
Missing character: There is no Ê in font cmr10!
Missing character: There is no ú in font cmr10!
Missing character: There is no ü in font cmr10!
 [1

] [2] [3] [4]
Missing character: There is no Â in font cmr10!
Missing character: There is no à in font cmr10!
Missing character: There is no ò in font cmr10!
Missing character: There is no Á in font cmr10!
Missing character: There is no ´ in font cmr10!
Missing character: There is no ã in font cmr10!
Missing character: There is no Â in font cmr10!
Missing character: There is no Ω in font cmr10!
Missing character: There is no ≠ in font cmr10!
Missing character: There is no Â in font cmr10!
Missing character: There is no § in font cmr10!
Missing character: There is no ç in font cmr10!
Missing character: There is no Â in font cmr10!
Missing character: There is no ë in font cmr10!
Missing character: There is no ò in font cmr10!
Missing character: There is no Ë in font cmr10!
Missing character: There is no µ in font cmr10!
Missing character: There is no µ in font cmr10!
Missing character: There is no Â in font cmr10!
Missing character: There is no ù in font cmr10!
Missing character: There is no § in font cmr10!
Missing character: There is no ‰ in font cmr10!
Missing character: There is no ∏ in font cmr10!
Missing character: There is no á in font cmr10!
Missing character: There is no ‰ in font cmr10!
Missing character: There is no ∫ in font cmr10!
Missing character: There is no ö in font cmr10!
Missing character: There is no Â in font cmr10!
Missing character: There is no π in font cmr10!
Missing character: There is no ≥ in font cmr10!
Missing character: There is no È in font cmr10!
Missing character: There is no á in font cmr10!
Missing character: There is no á in font cmr10!
Missing character: There is no Á in font cmr10!
Missing character: There is no î in font cmr10!
Missing character: There is no ® in font cmr10!
Missing character: There is no Á in font cmr10!
Missing character: There is no Æ in font cmr10!
Missing character: There is no Ä in font cmr10!
Missing character: There is no Â in font cmr10!
Missing character: There is no å in font cmr10!
Missing character: There is no ñ in font cmr10!
Missing character: There is no Á in font cmr10!
Missing character: There is no Æ in font cmr10!
Missing character: There is no ó in font cmr10!
Missing character: There is no Ê in font cmr10!
Missing character: There is no ≥ in font cmr10!
Missing character: There is no ï in font cmr10!
Missing character: There is no Â in font cmr10!
Missing character: There is no Æ in font cmr10!
Missing character: There is no û in font cmr10!
Missing character: There is no Á in font cmr10!
Missing character: There is no é in font cmr10!
Missing character: There is no ∞ in font cmr10!
Missing character: There is no Â in font cmr10!
Missing character: There is no ø in font cmr10!
Missing character: There is no ´ in font cmr10!
Missing character: There is no È in font cmr10!
Missing character: There is no Ä in font cmr10!
Missing character: There is no ü in font cmr10!
Missing character: There is no Â in font cmr10!
Missing character: There is no õ in font cmr10!
Missing character: There is no æ in font cmr10!
Missing character: There is no Â in font cmr10!
Missing character: There is no É in font cmr10!
Missing character: There is no è in font cmr10!
Missing character: There is no Â in font cmr10!
Missing character: There is no å in font cmr10!
Missing character: There is no π in font cmr10!
Missing character: There is no È in font cmr10!
Missing character: There is no Ö in font cmr10!
Missing character: There is no ç in font cmr10!
Missing character: There is no Á in font cmti10!
Missing character: There is no ∫ in font cmti10!
Missing character: There is no ¢ in font cmti10!
Missing character: There is no Â in font cmti10!
Missing character: There is no § in font cmti10!
Missing character: There is no ñ in font cmti10!
Missing character: There is no ‰ in font cmti10!
Missing character: There is no ∏ in font cmti10!
Missing character: There is no é in font cmti10!
Missing character: There is no Ê in font cmti10!
Missing character: There is no ø in font cmti10!
Missing character: There is no Ä in font cmti10!
Missing character: There is no Â in font cmti10!
Missing character: There is no Ö in font cmti10!
Missing character: There is no â in font cmti10!
Missing character: There is no Â in font cmti10!
Missing character: There is no ∑ in font cmti10!
Missing character: There is no • in font cmti10!
Missing character: There is no Á in font cmti10!
Missing character: There is no ® in font cmti10!
Missing character: There is no ã in font cmti10!
Missing character: There is no Â in font cmr10!
Missing character: There is no ≠ in font cmr10!
Missing character: There is no ô in font cmr10!
Missing character: There is no Â in font cmr10!
Missing character: There is no ê in font cmr10!
Missing character: There is no â in font cmr10!
Missing character: There is no Ë in font cmr10!
Missing character: There is no ¥ in font cmr10!
Missing character: There is no µ in font cmr10!
Missing character: There is no Â in font cmr10!
Missing character: There is no à in font cmr10!
Missing character: There is no ò in font cmr10!
Missing character: There is no Ê in font cmr10!
Missing character: There is no ù in font cmr10!
Missing character: There is no ∞ in font cmr10!
Missing character: There is no Ë in font cmr10!
Missing character: There is no µ in font cmr10!
Missing character: There is no µ in font cmr10!
Missing character: There is no Ë in font cmr10!
Missing character: There is no ø in font cmr10!
Missing character: There is no û in font cmr10!
Missing character: There is no Â in font cmr10!
Missing character: There is no Æ in font cmr10!
Missing character: There is no á in font cmr10!
Missing character: There is no Ë in font cmr10!
Missing character: There is no Å in font cmr10!
Missing character: There is no ö in font cmr10!
Missing character: There is no Á in font cmr10!
Missing character: There is no ± in font cmr10!
Missing character: There is no ª in font cmr10!
Missing character: There is no Á in font cmr10!
Missing character: There is no Æ in font cmr10!
Missing character: There is no ó in font cmr10!
Missing character: There is no Ê in font cmr10!
Missing character: There is no ≥ in font cmr10!
Missing character: There is no ï in font cmr10!
Missing character: There is no Á in font cmr10!
Missing character: There is no † in font cmr10!
Missing character: There is no î in font cmr10!
Missing character: There is no Á in font cmr10!
Missing character: There is no © in font cmr10!
Missing character: There is no ∂ in font cmr10!
Missing character: There is no Ë in font cmti10!
Missing character: There is no Ω in font cmti10!
Missing character: There is no Ø in font cmti10!
Missing character: There is no ‰ in font cmti10!
Missing character: There is no ª in font cmti10!
Missing character: There is no ∂ in font cmti10!
Missing character: There is no Â in font cmti10!
Missing character: There is no ≠ in font cmti10!
Missing character: There is no ¶ in font cmti10!
Missing character: There is no Ê in font cmti10!
Missing character: There is no ä in font cmti10!
Missing character: There is no • in font cmti10!
Missing character: There is no Â in font cmr10!
Missing character: There is no º in font cmr10!
Missing character: There is no † in font cmr10!
Missing character: There is no Â in font cmr10!
Missing character: There is no ª in font cmr10!
Missing character: There is no ∫ in font cmr10!
Missing character: There is no Ê in font cmr10!
Missing character: There is no ° in font cmr10!
Missing character: There is no • in font cmr10!
Missing character: There is no Á in font cmr10!
Missing character: There is no é in font cmr10!
Missing character: There is no ã in font cmr10!
Missing character: There is no È in font cmr10!
Missing character: There is no ï in font cmr10!
Missing character: There is no ø in font cmr10!
Missing character: There is no Â in font cmr10!
Missing character: There is no Ö in font cmr10!
Missing character: There is no É in font cmr10!
Missing character: There is no Â in font cmr10!
Missing character: There is no ü in font cmr10!
Missing character: There is no ∫ in font cmr10!
Missing character: There is no ‰ in font cmr10!
Missing character: There is no ∫ in font cmr10!
Missing character: There is no é in font cmr10!
Missing character: There is no Ê in font cmr10!
Missing character: There is no ≥ in font cmr10!
Missing character: There is no ä in font cmr10!
Missing character: There is no Ê in font cmr10!
Missing character: There is no ù in font cmr10!
Missing character: There is no æ in font cmr10!
Missing character: There is no Ê in font cmr10!
Missing character: There is no ñ in font cmr10!
Missing character: There is no π in font cmr10!
Missing character: There is no Á in font cmr10!
Missing character: There is no ® in font cmr10!
Missing character: There is no ã in font cmr10!
Missing character: There is no Á in font cmr10!
Missing character: There is no ö in font cmr10!
Missing character: There is no Ñ in font cmr10!
Missing character: There is no Ê in font cmr10!
Missing character: There is no ï in font cmr10!
Missing character: There is no ∞ in font cmr10!
Missing character: There is no Â in font cmr10!
Missing character: There is no ≠ in font cmr10!
Missing character: There is no ó in font cmr10!
Missing character: There is no Â in font cmr10!
Missing character: There is no õ in font cmr10!
Missing character: There is no æ in font cmr10!
Missing character: There is no Â in font cmr10!
Missing character: There is no É in font cmr10!
Missing character: There is no è in font cmr10!
Missing character: There is no Ê in font cmr10!
Missing character: There is no ó in font cmr10!
Missing character: There is no † in font cmr10!
Missing character: There is no Á in font cmr10!
Missing character: There is no º in font cmr10!
Missing character: There is no ù in font cmr10!
Missing character: There is no Ê in font cmr10!
Missing character: There is no ã in font cmr10!
Missing character: There is no º in font cmr10!
Missing character: There is no Â in font cmr10!
Missing character: There is no ê in font cmr10!
Missing character: There is no à in font cmr10!
Missing character: There is no Á in font cmti10!
Missing character: There is no é in font cmti10!
Missing character: There is no ∞ in font cmti10!
Missing character: There is no ‰ in font cmti10!
Missing character: There is no ª in font cmti10!
Missing character: There is no £ in font cmti10!
Missing character: There is no Á in font cmti10!
Missing character: There is no î in font cmti10!
Missing character: There is no µ in font cmti10!
Missing character: There is no Â in font cmti10!
Missing character: There is no ≠ in font cmti10!
Missing character: There is no ê in font cmti10!
Missing character: There is no Ê in font cmti10!
Missing character: There is no ä in font cmti10!
Missing character: There is no Ä in font cmti10!
Missing character: There is no Ê in font cmti10!
Missing character: There is no ú in font cmti10!
Missing character: There is no Ø in font cmti10!
Missing character: There is no Ê in font cmr10!
Missing character: There is no ù in font cmr10!
Missing character: There is no é in font cmr10!
Missing character: There is no Â in font cmr10!
Missing character: There is no Ø in font cmr10!
Missing character: There is no í in font cmr10!
Missing character: There is no Á in font cmr10!
Missing character: There is no â in font cmr10!
Missing character: There is no õ in font cmr10!
Missing character: There is no Á in font cmr10!
Missing character: There is no ∫ in font cmr10!
Missing character: There is no ™ in font cmr10!
Missing character: There is no Ê in font cmr10!
Missing character: There is no ° in font cmr10!
Missing character: There is no ¢ in font cmr10!
Missing character: There is no È in font cmr10!
Missing character: There is no É in font cmr10!
Missing character: There is no ≠ in font cmr10!
Missing character: There is no Á in font cmr10!
Missing character: There is no ¶ in font cmr10!
Missing character: There is no æ in font cmr10!
Missing character: There is no Â in font cmr10!
Missing character: There is no ü in font cmr10!
Missing character: There is no ∫ in font cmr10!
Missing character: There is no ‰ in font cmr10!
Missing character: There is no ∫ in font cmr10!
Missing character: There is no é in font cmr10!
Missing character: There is no Á in font cmr10!
Missing character: There is no â in font cmr10!
Missing character: There is no π in font cmr10!
Missing character: There is no Â in font cmr10!
Missing character: There is no æ in font cmr10!
Missing character: There is no Å in font cmr10!
Missing character: There is no Á in font cmr10!
Missing character: There is no Ç in font cmr10!
Missing character: There is no π in font cmr10!
Missing character: There is no Á in font cmr10!
Missing character: There is no ö in font cmr10!
Missing character: There is no Ñ in font cmr10!
Missing character: There is no Â in font cmr10!
Missing character: There is no Ö in font cmr10!
Missing character: There is no ® in font cmr10!
Missing character: There is no Ë in font cmr10!
Missing character: There is no á in font cmr10!
Missing character: There is no ™ in font cmr10!
Missing character: There is no Â in font cmr10!
Missing character: There is no ä in font cmr10!
Missing character: There is no ® in font cmr10!
Missing character: There is no Ê in font cmr10!
Missing character: There is no ó in font cmr10!
Missing character: There is no † in font cmr10!
Missing character: There is no Á in font cmr10!
Missing character: There is no º in font cmr10!
Missing character: There is no ù in font cmr10!
Missing character: There is no Â in font cmr10!
Missing character: There is no õ in font cmr10!
Missing character: There is no æ in font cmr10!
Missing character: There is no Â in font cmr10!
Missing character: There is no É in font cmr10!
Missing character: There is no è in font cmr10!
Missing character: There is no Ê in font cmr10!
Missing character: There is no ã in font cmr10!
Missing character: There is no º in font cmr10!
Missing character: There is no Ê in font cmr10!
Missing character: There is no é in font cmr10!
Missing character: There is no • in font cmr10!
Missing character: There is no Ê in font cmr10!
Missing character: There is no ñ in font cmr10!
Missing character: There is no π in font cmr10!
Missing character: There is no Ê in font cmr10!
Missing character: There is no ≥ in font cmr10!
Missing character: There is no ï in font cmr10!
Missing character: There is no Ë in font cmti10!
Missing character: There is no Æ in font cmti10!
Missing character: There is no ° in font cmti10!
Missing character: There is no Á in font cmti10!
Missing character: There is no Æ in font cmti10!
Missing character: There is no ó in font cmti10!
Missing character: There is no Ê in font cmti10!
Missing character: There is no ú in font cmti10!
Missing character: There is no ∫ in font cmti10!
Missing character: There is no Â in font cmti10!
Missing character: There is no ∑ in font cmti10!
Missing character: There is no • in font cmti10!
Missing character: There is no Á in font cmti10!
Missing character: There is no ® in font cmti10!
Missing character: There is no ã in font cmti10!
Missing character: There is no ‰ in font cmti10!
Missing character: There is no ∏ in font cmti10!
Missing character: There is no é in font cmti10!
Missing character: There is no Ë in font cmti10!
Missing character: There is no Æ in font cmti10!
Missing character: There is no æ in font cmti10!
Missing character: There is no Ë in font cmti10!
Missing character: There is no Æ in font cmti10!
Missing character: There is no ° in font cmti10!
Missing character: There is no Ê in font cmr10!
Missing character: There is no ù in font cmr10!
Missing character: There is no é in font cmr10!
Missing character: There is no Ë in font cmr10!
Missing character: There is no à in font cmr10!
Missing character: There is no ™ in font cmr10!
Missing character: There is no Á in font cmr10!
Missing character: There is no ª in font cmr10!
Missing character: There is no ü in font cmr10!
Missing character: There is no Ë in font cmr10!
Missing character: There is no Æ in font cmr10!
Missing character: There is no ° in font cmr10!
Missing character: There is no Â in font cmr10!
Missing character: There is no ≠ in font cmr10!
Missing character: There is no ¶ in font cmr10!
Missing character: There is no ‰ in font cmr10!
Missing character: There is no π in font cmr10!
Missing character: There is no † in font cmr10!
Missing character: There is no Ê in font cmr10!
Missing character: There is no ñ in font cmr10!
Missing character: There is no π in font cmr10!
Missing character: There is no Ê in font cmr10!
Missing character: There is no ≥ in font cmr10!
Missing character: There is no ï in font cmr10!
Missing character: There is no Ê in font cmr10!
Missing character: There is no ù in font cmr10!
Missing character: There is no ® in font cmr10!
Missing character: There is no Â in font cmr10!
Missing character: There is no ∞ in font cmr10!
Missing character: There is no è in font cmr10!
Missing character: There is no Ë in font cmr10!
Missing character: There is no æ in font cmr10!
Missing character: There is no â in font cmr10!
Missing character: There is no Á in font cmr10!
Missing character: There is no é in font cmr10!
Missing character: There is no ã in font cmr10!
Missing character: There is no Ê in font cmr10!
Missing character: There is no ï in font cmr10!
Missing character: There is no è in font cmr10!
Missing character: There is no Â in font cmr10!
Missing character: There is no ü in font cmr10!
Missing character: There is no ∫ in font cmr10!
Missing character: There is no ‰ in font cmr10!
Missing character: There is no ∫ in font cmr10!
Missing character: There is no é in font cmr10!
Missing character: There is no Á in font cmr10!
Missing character: There is no ö in font cmr10!
Missing character: There is no Ñ in font cmr10!
Missing character: There is no Ê in font cmr10!
Missing character: There is no ó in font cmr10!
Missing character: There is no † in font cmr10!
Missing character: There is no Á in font cmr10!
Missing character: There is no º in font cmr10!
Missing character: There is no ù in font cmr10!
Missing character: There is no Â in font cmr10!
Missing character: There is no õ in font cmr10!
Missing character: There is no æ in font cmr10!
Missing character: There is no Â in font cmr10!
Missing character: There is no É in font cmr10!
Missing character: There is no è in font cmr10!
Missing character: There is no Ê in font cmr10!
Missing character: There is no ã in font cmr10!
Missing character: There is no º in font cmr10!
Missing character: There is no Ê in font cmr10!
Missing character: There is no é in font cmr10!
Missing character: There is no • in font cmr10!
Missing character: There is no Ê in font cmr10!
Missing character: There is no ñ in font cmr10!
Missing character: There is no π in font cmr10!
Missing character: There is no Ê in font cmr10!
Missing character: There is no ≥ in font cmr10!
Missing character: There is no ï in font cmr10!
Missing character: There is no Á in font cmr10!
Missing character: There is no é in font cmr10!
Missing character: There is no ã in font cmr10!
Missing character: There is no Ê in font cmr10!
Missing character: There is no ∞ in font cmr10!
Missing character: There is no ∏ in font cmr10!
Missing character: There is no Ê in font cmr10!
Missing character: There is no ò in font cmr10!
Missing character: There is no é in font cmr10!
Missing character: There is no Â in font cmr10!
Missing character: There is no õ in font cmr10!
Missing character: There is no æ in font cmr10!
Missing character: There is no Â in font cmr10!
Missing character: There is no É in font cmr10!
Missing character: There is no è in font cmr10!
Missing character: There is no Â in font cmr10!
Missing character: There is no ± in font cmr10!
Missing character: There is no Ä in font cmr10!
Missing character: There is no È in font cmr10!
Missing character: There is no É in font cmr10!
Missing character: There is no ® in font cmr10!
Missing character: There is no ‰ in font cmr10!
Missing character: There is no ∏ in font cmr10!
Missing character: There is no ç in font cmr10!
Missing character: There is no Â in font cmr10!
Missing character: There is no è in font cmr10!
Missing character: There is no ò in font cmr10!
Missing character: There is no Ê in font cmr10!
Missing character: There is no Ä in font cmr10!
Missing character: There is no ß in font cmr10!
Missing character: There is no Á in font cmr10!
Missing character: There is no â in font cmr10!
Missing character: There is no π in font cmr10!
Missing character: There is no Â in font cmr10!
Missing character: There is no æ in font cmr10!
Missing character: There is no Å in font cmr10!
Missing character: There is no ‰ in font cmr10!
Missing character: There is no ∏ in font cmr10!
Missing character: There is no é in font cmr10!
Missing character: There is no Ê in font cmr10!
Missing character: There is no è in font cmr10!
Missing character: There is no è in font cmr10!
Missing character: There is no Ë in font cmr10!
Missing character: There is no ø in font cmr10!
Missing character: There is no ∞ in font cmr10!
Missing character: There is no Á in font cmr10!
Missing character: There is no ® in font cmr10!
Missing character: There is no ã in font cmr10!
Missing character: There is no Á in font cmr10!
Missing character: There is no Ñ in font cmr10!
Missing character: There is no ± in font cmr10!
Missing character: There is no Ë in font cmr10!
Missing character: There is no æ in font cmr10!
Missing character: There is no â in font cmr10!
Missing character: There is no Â in font cmr10!
Missing character: There is no ü in font cmr10!
Missing character: There is no ∫ in font cmr10!
Missing character: There is no ‰ in font cmr10!
Missing character: There is no ∫ in font cmr10!
Missing character: There is no é in font cmr10!
Missing character: There is no Á in font cmr10!
Missing character: There is no Æ in font cmr10!
Missing character: There is no ó in font cmr10!
Missing character: There is no Ê in font cmr10!
Missing character: There is no ≥ in font cmr10!
Missing character: There is no ï in font cmr10!
Missing character: There is no Á in font cmr10!
Missing character: There is no ö in font cmr10!
Missing character: There is no Ñ in font cmr10!
Missing character: There is no Ë in font cmr10!
Missing character: There is no ∂ in font cmr10!
Missing character: There is no Ö in font cmr10!
Missing character: There is no Â in font cmr10!
Missing character: There is no à in font cmr10!
Missing character: There is no Ü in font cmr10!
Missing character: There is no Ë in font cmr10!
Missing character: There is no æ in font cmr10!
Missing character: There is no ® in font cmr10!
Missing character: There is no Á in font cmr10!
Missing character: There is no é in font cmr10!
Missing character: There is no á in font cmr10!
Missing character: There is no Â in font cmr10!
Missing character: There is no õ in font cmr10!
Missing character: There is no æ in font cmr10!
Missing character: There is no Â in font cmr10!
Missing character: There is no É in font cmr10!
Missing character: There is no è in font cmr10!
Missing character: There is no È in font cmr10!
Missing character: There is no á in font cmr10!
Missing character: There is no ç in font cmr10!
Missing character: There is no Â in font cmr10!
Missing character: There is no ª in font cmr10!
Missing character: There is no ∫ in font cmr10!
Missing character: There is no È in font cmr10!
Missing character: There is no É in font cmr10!
Missing character: There is no ≠ in font cmr10!
Missing character: There is no Â in font cmr10!
Missing character: There is no Ö in font cmr10!
Missing character: There is no ≠ in font cmr10!
Missing character: There is no Á in font cmr10!
Missing character: There is no î in font cmr10!
Missing character: There is no ü in font cmr10!
Missing character: There is no Â in font cmr10!
Missing character: There is no ü in font cmr10!
Missing character: There is no ∫ in font cmr10!
Missing character: There is no ‰ in font cmr10!
Missing character: There is no ∫ in font cmr10!
Missing character: There is no é in font cmr10!
Missing character: There is no Á in font cmr10!
Missing character: There is no â in font cmr10!
Missing character: There is no π in font cmr10!
Missing character: There is no Â in font cmr10!
Missing character: There is no æ in font cmr10!
Missing character: There is no Å in font cmr10!
Missing character: There is no Á in font cmr10!
Missing character: There is no Ç in font cmr10!
Missing character: There is no π in font cmr10!
Missing character: There is no Á in font cmr10!
Missing character: There is no ö in font cmr10!
Missing character: There is no Ñ in font cmr10!
Missing character: There is no Â in font cmr10!
Missing character: There is no õ in font cmr10!
Missing character: There is no æ in font cmr10!
Missing character: There is no Â in font cmr10!
Missing character: There is no É in font cmr10!
Missing character: There is no è in font cmr10!
Missing character: There is no È in font cmr10!
Missing character: There is no Ö in font cmr10!
Missing character: There is no ç in font cmr10!
Missing character: There is no Â in font cmr10!
Missing character: There is no á in font cmr10!
Missing character: There is no Ü in font cmr10!
Missing character: There is no Ê in font cmr10!
Missing character: There is no ä in font cmr10!
Missing character: There is no Ä in font cmr10!
Missing character: There is no Ê in font cmr10!
Missing character: There is no ú in font cmr10!
Missing character: There is no Ø in font cmr10!
Missing character: There is no Á in font cmr10!
Missing character: There is no † in font cmr10!
Missing character: There is no î in font cmr10!
Missing character: There is no Á in font cmr10!
Missing character: There is no © in font cmr10!
Missing character: There is no ∂ in font cmr10!
) [5] (./dummy.aux)

LaTeX Warning: Label(s) may have changed. Rerun to get cross-references right.

 ) 
Here is how much of TeX's memory you used:
 279 strings out of 493316
 3284 string characters out of 6137930
 57155 words of memory out of 5000000
 3813 multiletter control sequences out of 15000+600000
 4591 words of font info for 17 fonts, out of 8000000 for 9000
 957 hyphenation exceptions out of 8191
 23i,4n,17p,196b,201s stack positions out of 5000i,500n,10000p,200000b,80000s

Output written on dummy.dvi (5 pages, 13996 bytes).
